<?xml version="1.0" encoding="UTF-8"?>
<testsuite name="application.task.UpdateCSVTest" tests="6" skipped="0" failures="0" errors="0" timestamp="2020-04-07T23:43:51" hostname="MacBook-Pro.local" time="0.004">
  <properties/>
  <testcase name="execute" classname="application.task.UpdateCSVTest" time="0.003"/>
  <testcase name="testToString" classname="application.task.UpdateCSVTest" time="0.0"/>
  <testcase name="createSubTask" classname="application.task.UpdateCSVTest" time="0.001"/>
  <testcase name="assignCommands" classname="application.task.UpdateCSVTest" time="0.0"/>
  <testcase name="testHashCode" classname="application.task.UpdateCSVTest" time="0.0"/>
  <testcase name="testEquals" classname="application.task.UpdateCSVTest" time="0.0"/>
  <system-out><![CDATA[]]></system-out>
  <system-err><![CDATA[]]></system-err>
</testsuite>
