<?xml version="1.0" encoding="UTF-8"?>
<testsuite name="application.task.AddNewTodoTest" tests="11" skipped="0" failures="0" errors="0" timestamp="2020-04-07T23:43:51" hostname="MacBook-Pro.local" time="0.012">
  <properties/>
  <testcase name="createAddPriority" classname="application.task.AddNewTodoTest" time="0.005"/>
  <testcase name="TodoText" classname="application.task.AddNewTodoTest" time="0.001"/>
  <testcase name="testToString" classname="application.task.AddNewTodoTest" time="0.001"/>
  <testcase name="createUpdateCompleted" classname="application.task.AddNewTodoTest" time="0.0"/>
  <testcase name="createAddCategory" classname="application.task.AddNewTodoTest" time="0.001"/>
  <testcase name="unknownCommand" classname="application.task.AddNewTodoTest" time="0.0"/>
  <testcase name="assignCommands" classname="application.task.AddNewTodoTest" time="0.0"/>
  <testcase name="testHashCode" classname="application.task.AddNewTodoTest" time="0.0"/>
  <testcase name="createAddDue" classname="application.task.AddNewTodoTest" time="0.001"/>
  <testcase name="testEquals" classname="application.task.AddNewTodoTest" time="0.0"/>
  <testcase name="executeAddTodo" classname="application.task.AddNewTodoTest" time="0.001"/>
  <system-out><![CDATA[]]></system-out>
  <system-err><![CDATA[]]></system-err>
</testsuite>
