<?xml version="1.0" encoding="UTF-8"?>
<testsuite name="application.model.TodoIncompleteIteratorTest" tests="5" skipped="0" failures="0" errors="0" timestamp="2020-04-07T20:51:28" hostname="MacBook-Pro.local" time="0.004">
  <properties/>
  <testcase name="testToString" classname="application.model.TodoIncompleteIteratorTest" time="0.001"/>
  <testcase name="next" classname="application.model.TodoIncompleteIteratorTest" time="0.0"/>
  <testcase name="hasNext" classname="application.model.TodoIncompleteIteratorTest" time="0.001"/>
  <testcase name="testHashCode" classname="application.model.TodoIncompleteIteratorTest" time="0.0"/>
  <testcase name="testEquals" classname="application.model.TodoIncompleteIteratorTest" time="0.0"/>
  <system-out><![CDATA[]]></system-out>
  <system-err><![CDATA[]]></system-err>
</testsuite>
