<?xml version="1.0" encoding="UTF-8"?>
<testsuite name="application.task.ReadCSVTest" tests="9" skipped="0" failures="0" errors="0" timestamp="2020-04-07T23:43:51" hostname="MacBook-Pro.local" time="0.03">
  <properties/>
  <testcase name="executeNullTodoList" classname="application.task.ReadCSVTest" time="0.008"/>
  <testcase name="createSubTaskFailed" classname="application.task.ReadCSVTest" time="0.0"/>
  <testcase name="execute" classname="application.task.ReadCSVTest" time="0.018"/>
  <testcase name="testToString" classname="application.task.ReadCSVTest" time="0.0"/>
  <testcase name="executeNotEmptyTodoList" classname="application.task.ReadCSVTest" time="0.0"/>
  <testcase name="createSubTask" classname="application.task.ReadCSVTest" time="0.0"/>
  <testcase name="assignCommands" classname="application.task.ReadCSVTest" time="0.0"/>
  <testcase name="testHashCode" classname="application.task.ReadCSVTest" time="0.0"/>
  <testcase name="testEquals" classname="application.task.ReadCSVTest" time="0.001"/>
  <system-out><![CDATA[]]></system-out>
  <system-err><![CDATA[]]></system-err>
</testsuite>
