<?xml version="1.0" encoding="UTF-8"?>
<testsuite name="application.model.TodoTest" tests="10" skipped="0" failures="0" errors="0" timestamp="2020-04-07T20:51:28" hostname="MacBook-Pro.local" time="0.006">
  <properties/>
  <testcase name="getCompleted" classname="application.model.TodoTest" time="0.002"/>
  <testcase name="getDue" classname="application.model.TodoTest" time="0.0"/>
  <testcase name="testToString" classname="application.model.TodoTest" time="0.0"/>
  <testcase name="getText" classname="application.model.TodoTest" time="0.0"/>
  <testcase name="getId" classname="application.model.TodoTest" time="0.0"/>
  <testcase name="setCompleted" classname="application.model.TodoTest" time="0.0"/>
  <testcase name="testHashCode" classname="application.model.TodoTest" time="0.0"/>
  <testcase name="getPriority" classname="application.model.TodoTest" time="0.0"/>
  <testcase name="testEquals" classname="application.model.TodoTest" time="0.001"/>
  <testcase name="getCategory" classname="application.model.TodoTest" time="0.0"/>
  <system-out><![CDATA[]]></system-out>
  <system-err><![CDATA[]]></system-err>
</testsuite>
