<?xml version="1.0" encoding="UTF-8"?>
<testsuite name="application.command.CommandLineParserTest" tests="3" skipped="0" failures="0" errors="0" timestamp="2020-04-07T20:51:28" hostname="MacBook-Pro.local" time="0.014">
  <properties/>
  <testcase name="parse" classname="application.command.CommandLineParserTest" time="0.007"/>
  <testcase name="missingCommands" classname="application.command.CommandLineParserTest" time="0.001"/>
  <testcase name="InvalidCommandException" classname="application.command.CommandLineParserTest" time="0.003"/>
  <system-out><![CDATA[]]></system-out>
  <system-err><![CDATA[]]></system-err>
</testsuite>
