<?xml version="1.0" encoding="UTF-8"?>
<testsuite name="application.fileIO.CsvDataWriterTest" tests="1" skipped="0" failures="0" errors="0" timestamp="2020-04-07T23:43:51" hostname="MacBook-Pro.local" time="0.001">
  <properties/>
  <testcase name="write" classname="application.fileIO.CsvDataWriterTest" time="0.001"/>
  <system-out><![CDATA[]]></system-out>
  <system-err><![CDATA[]]></system-err>
</testsuite>
