<?xml version="1.0" encoding="UTF-8"?>
<testsuite name="application.model.TodoListTest" tests="10" skipped="0" failures="0" errors="0" timestamp="2020-04-07T23:43:51" hostname="MacBook-Pro.local" time="0.002">
  <properties/>
  <testcase name="addTodo" classname="application.model.TodoListTest" time="0.0"/>
  <testcase name="testToString" classname="application.model.TodoListTest" time="0.0"/>
  <testcase name="createTodoList" classname="application.model.TodoListTest" time="0.0"/>
  <testcase name="getTodo" classname="application.model.TodoListTest" time="0.0"/>
  <testcase name="size" classname="application.model.TodoListTest" time="0.0"/>
  <testcase name="getHeader" classname="application.model.TodoListTest" time="0.0"/>
  <testcase name="getTodoList" classname="application.model.TodoListTest" time="0.0"/>
  <testcase name="testHashCode" classname="application.model.TodoListTest" time="0.0"/>
  <testcase name="testEquals" classname="application.model.TodoListTest" time="0.0"/>
  <testcase name="setTodo" classname="application.model.TodoListTest" time="0.0"/>
  <system-out><![CDATA[]]></system-out>
  <system-err><![CDATA[]]></system-err>
</testsuite>
